<?xml version="1.0" encoding="UTF-8"?>
<!-- Generated by org.testng.reporters.JUnitXMLReporter -->
<testsuite ignored="0" hostname="LAPTOP-ALCJ60JB" failures="0" tests="3" name="Test" time="45.731" errors="0" timestamp="2023-07-27T14:34:51 IST">
  <testcase classname="retailerProject.Aji" name="ajiotest" time="19.385"/>
  <testcase classname="retailerProject.Flip" name="flipkarttest" time="11.38"/>
  <testcase classname="retailerProject.Amaz" name="amazontest" time="14.892"/>
</testsuite> <!-- Test -->
