<?xml version="1.0" encoding="UTF-8"?>
<testng-results ignored="0" total="3" passed="3" failed="0" skipped="0">
  <reporter-output>
    <line>
      <![CDATA[opening ajio]]>
    </line>
    <line>
      <![CDATA[opening flipkart]]>
    </line>
    <line>
      <![CDATA[opening amazon]]>
    </line>
  </reporter-output>
  <suite started-at="2023-07-27T14:34:05 IST" name="Suite" finished-at="2023-07-27T14:34:51 IST" duration-ms="45731">
    <groups>
    </groups>
    <test started-at="2023-07-27T14:34:05 IST" name="Test" finished-at="2023-07-27T14:34:51 IST" duration-ms="45731">
      <class name="retailerProject.Aji">
        <test-method signature="ajiotest()[pri:0, instance:retailerProject.Aji@222545dc]" started-at="2023-07-27T14:34:05 IST" name="ajiotest" finished-at="2023-07-27T14:34:24 IST" duration-ms="19385" status="PASS">
          <reporter-output>
            <line>
              <![CDATA[opening ajio]]>
            </line>
          </reporter-output>
        </test-method> <!-- ajiotest -->
      </class> <!-- retailerProject.Aji -->
      <class name="retailerProject.Flip">
        <test-method signature="flipkarttest()[pri:0, instance:retailerProject.Flip@3a93b025]" started-at="2023-07-27T14:34:24 IST" name="flipkarttest" finished-at="2023-07-27T14:34:36 IST" duration-ms="11380" status="PASS">
          <reporter-output>
            <line>
              <![CDATA[opening flipkart]]>
            </line>
          </reporter-output>
        </test-method> <!-- flipkarttest -->
      </class> <!-- retailerProject.Flip -->
      <class name="retailerProject.Amaz">
        <test-method signature="amazontest()[pri:0, instance:retailerProject.Amaz@35cabb2a]" started-at="2023-07-27T14:34:36 IST" name="amazontest" finished-at="2023-07-27T14:34:51 IST" duration-ms="14892" status="PASS">
          <reporter-output>
            <line>
              <![CDATA[opening amazon]]>
            </line>
          </reporter-output>
        </test-method> <!-- amazontest -->
      </class> <!-- retailerProject.Amaz -->
    </test> <!-- Test -->
  </suite> <!-- Suite -->
</testng-results>
